{"/home/csbrandt/projects/k-d-tree/index.js":{"path":"/home/csbrandt/projects/k-d-tree/index.js","s":{"1":1,"2":127,"3":127,"4":127,"5":127,"6":1,"7":8,"8":1,"9":120,"10":120,"11":120,"12":8,"13":112,"14":56,"15":56,"16":584,"17":56,"18":56,"19":56,"20":56,"21":56,"22":1,"23":0,"24":1,"25":0,"26":0,"27":0,"28":0,"29":0,"30":0,"31":0,"32":8,"33":0,"34":8,"35":8,"36":14,"37":1,"38":14,"39":14,"40":7,"41":14,"42":6,"43":14,"44":8,"45":1,"46":5,"47":1,"48":4,"49":4,"50":0,"51":1,"52":1,"53":0,"54":0,"55":1,"56":1,"57":1,"58":0,"59":8,"60":1,"61":1,"62":4,"63":0,"64":4,"65":1,"66":3,"67":3,"68":0,"69":1,"70":1,"71":1,"72":0,"73":0,"74":0,"75":0,"76":0,"77":0,"78":0,"79":0,"80":0,"81":0,"82":0,"83":0,"84":0,"85":0,"86":0,"87":0,"88":0,"89":1,"90":1,"91":0,"92":0,"93":1,"94":1,"95":0,"96":1,"97":0,"98":0,"99":0,"100":0,"101":0,"102":0,"103":0,"104":0,"105":0,"106":0,"107":0,"108":1,"109":1,"110":0,"111":1,"112":8,"113":6,"114":6,"115":110,"116":1,"117":27,"118":1,"119":10,"120":10,"121":6,"122":27,"123":27,"124":8,"125":5,"126":8,"127":19,"128":1,"129":18,"130":1,"131":17,"132":17,"133":0,"134":19,"135":19,"136":5,"137":19,"138":4,"139":3,"140":1,"141":4,"142":2,"143":6,"144":3,"145":30,"146":6,"147":6,"148":6,"149":6,"150":34,"151":10,"152":6,"153":8,"154":1,"155":29,"156":15,"157":14,"158":1,"159":29,"160":15,"161":14,"162":1,"163":1,"164":6,"165":6,"166":1,"167":40,"168":40,"169":6,"170":6,"171":6,"172":6,"173":6,"174":6,"175":42,"176":0,"177":0,"178":0,"179":0,"180":0,"181":0,"182":0,"183":0,"184":0,"185":0,"186":0,"187":56,"188":40,"189":40,"190":34,"191":34,"192":1,"193":1,"194":1,"195":33,"196":6,"197":6,"198":23,"199":23,"200":23,"201":18,"202":18,"203":15,"204":23,"205":18,"206":18,"207":2,"208":23,"209":17,"210":17,"211":17,"212":6,"213":1},"b":{"1":[8,112],"2":[56,56],"3":[0,0],"4":[0,0],"5":[0,8],"6":[1,13],"7":[7,7],"8":[6,8],"9":[1,4],"10":[4,0],"11":[0,1],"12":[1,0],"13":[0,4],"14":[1,3],"15":[3,0],"16":[0,0],"17":[0,0],"18":[0,0],"19":[0,0],"20":[0,0],"21":[0,0],"22":[0,0],"23":[1,0],"24":[1,1],"25":[0,1],"26":[1,0],"27":[0,0],"28":[0,1],"29":[6,4],"30":[8,19],"31":[27,9],"32":[5,3],"33":[8,5],"34":[1,18],"35":[1,17],"36":[17,0],"37":[5,14],"38":[19,18],"39":[4,15],"40":[19,19],"41":[3,1],"42":[2,2],"43":[3,3],"44":[6,0],"45":[10,24],"46":[15,14],"47":[15,14],"48":[6,0],"49":[0,0],"50":[0,0],"51":[0,0],"52":[1,33],"53":[18,5],"54":[15,3],"55":[18,5],"56":[2,16],"57":[3,15],"58":[17,6]},"f":{"1":127,"2":8,"3":120,"4":584,"5":0,"6":0,"7":14,"8":1,"9":5,"10":1,"11":4,"12":1,"13":0,"14":6,"15":110,"16":27,"17":10,"18":1,"19":29,"20":29,"21":6,"22":40,"23":6,"24":42,"25":0,"26":56,"27":40,"28":6},"fnMap":{"1":{"name":"Node","line":5,"loc":{"start":{"line":5,"column":0},"end":{"line":5,"column":27}}},"2":{"name":"kdTree","line":12,"loc":{"start":{"line":12,"column":0},"end":{"line":12,"column":32}}},"3":{"name":"buildTree","line":16,"loc":{"start":{"line":16,"column":3},"end":{"line":16,"column":45}}},"4":{"name":"(anonymous_4)","line":27,"loc":{"start":{"line":27,"column":18},"end":{"line":27,"column":33}}},"5":{"name":"loadTree","line":40,"loc":{"start":{"line":40,"column":3},"end":{"line":40,"column":27}}},"6":{"name":"restoreParent","line":44,"loc":{"start":{"line":44,"column":6},"end":{"line":44,"column":35}}},"7":{"name":"(anonymous_7)","line":65,"loc":{"start":{"line":65,"column":17},"end":{"line":65,"column":31}}},"8":{"name":"(anonymous_8)","line":73,"loc":{"start":{"line":73,"column":17},"end":{"line":73,"column":33}}},"9":{"name":"innerSearch","line":74,"loc":{"start":{"line":74,"column":6},"end":{"line":74,"column":41}}},"10":{"name":"(anonymous_10)","line":104,"loc":{"start":{"line":104,"column":17},"end":{"line":104,"column":33}}},"11":{"name":"nodeSearch","line":107,"loc":{"start":{"line":107,"column":6},"end":{"line":107,"column":32}}},"12":{"name":"removeNode","line":123,"loc":{"start":{"line":123,"column":6},"end":{"line":123,"column":32}}},"13":{"name":"findMin","line":128,"loc":{"start":{"line":128,"column":9},"end":{"line":128,"column":37}}},"14":{"name":"(anonymous_14)","line":204,"loc":{"start":{"line":204,"column":18},"end":{"line":204,"column":57}}},"15":{"name":"(anonymous_15)","line":210,"loc":{"start":{"line":210,"column":9},"end":{"line":210,"column":21}}},"16":{"name":"nearestSearch","line":215,"loc":{"start":{"line":215,"column":6},"end":{"line":215,"column":35}}},"17":{"name":"saveNode","line":222,"loc":{"start":{"line":222,"column":9},"end":{"line":222,"column":43}}},"18":{"name":"(anonymous_18)","line":287,"loc":{"start":{"line":287,"column":24},"end":{"line":287,"column":35}}},"19":{"name":"height","line":288,"loc":{"start":{"line":288,"column":6},"end":{"line":288,"column":28}}},"20":{"name":"count","line":295,"loc":{"start":{"line":295,"column":6},"end":{"line":295,"column":27}}},"21":{"name":"BinaryHeap","line":309,"loc":{"start":{"line":309,"column":0},"end":{"line":309,"column":35}}},"22":{"name":"(anonymous_22)","line":315,"loc":{"start":{"line":315,"column":9},"end":{"line":315,"column":27}}},"23":{"name":"(anonymous_23)","line":322,"loc":{"start":{"line":322,"column":8},"end":{"line":322,"column":19}}},"24":{"name":"(anonymous_24)","line":336,"loc":{"start":{"line":336,"column":9},"end":{"line":336,"column":20}}},"25":{"name":"(anonymous_25)","line":340,"loc":{"start":{"line":340,"column":11},"end":{"line":340,"column":26}}},"26":{"name":"(anonymous_26)","line":362,"loc":{"start":{"line":362,"column":9},"end":{"line":362,"column":20}}},"27":{"name":"(anonymous_27)","line":366,"loc":{"start":{"line":366,"column":13},"end":{"line":366,"column":25}}},"28":{"name":"(anonymous_28)","line":388,"loc":{"start":{"line":388,"column":13},"end":{"line":388,"column":25}}}},"statementMap":{"1":{"start":{"line":5,"column":0},"end":{"line":10,"column":1}},"2":{"start":{"line":6,"column":3},"end":{"line":6,"column":18}},"3":{"start":{"line":7,"column":3},"end":{"line":7,"column":20}},"4":{"start":{"line":8,"column":3},"end":{"line":8,"column":21}},"5":{"start":{"line":9,"column":3},"end":{"line":9,"column":24}},"6":{"start":{"line":12,"column":0},"end":{"line":304,"column":1}},"7":{"start":{"line":14,"column":3},"end":{"line":14,"column":19}},"8":{"start":{"line":16,"column":3},"end":{"line":37,"column":4}},"9":{"start":{"line":17,"column":6},"end":{"line":17,"column":23}},"10":{"start":{"line":18,"column":6},"end":{"line":18,"column":26}},"11":{"start":{"line":20,"column":6},"end":{"line":22,"column":7}},"12":{"start":{"line":21,"column":9},"end":{"line":21,"column":21}},"13":{"start":{"line":23,"column":6},"end":{"line":25,"column":7}},"14":{"start":{"line":24,"column":9},"end":{"line":24,"column":44}},"15":{"start":{"line":27,"column":6},"end":{"line":29,"column":9}},"16":{"start":{"line":28,"column":9},"end":{"line":28,"column":56}},"17":{"start":{"line":31,"column":6},"end":{"line":31,"column":45}},"18":{"start":{"line":32,"column":6},"end":{"line":32,"column":46}},"19":{"start":{"line":33,"column":6},"end":{"line":33,"column":70}},"20":{"start":{"line":34,"column":6},"end":{"line":34,"column":72}},"21":{"start":{"line":36,"column":6},"end":{"line":36,"column":18}},"22":{"start":{"line":40,"column":3},"end":{"line":57,"column":4}},"23":{"start":{"line":42,"column":6},"end":{"line":42,"column":23}},"24":{"start":{"line":44,"column":6},"end":{"line":54,"column":7}},"25":{"start":{"line":45,"column":9},"end":{"line":48,"column":10}},"26":{"start":{"line":46,"column":12},"end":{"line":46,"column":36}},"27":{"start":{"line":47,"column":12},"end":{"line":47,"column":37}},"28":{"start":{"line":50,"column":9},"end":{"line":53,"column":10}},"29":{"start":{"line":51,"column":12},"end":{"line":51,"column":37}},"30":{"start":{"line":52,"column":12},"end":{"line":52,"column":38}},"31":{"start":{"line":56,"column":6},"end":{"line":56,"column":31}},"32":{"start":{"line":60,"column":3},"end":{"line":61,"column":47}},"33":{"start":{"line":60,"column":31},"end":{"line":60,"column":56}},"34":{"start":{"line":61,"column":8},"end":{"line":61,"column":47}},"35":{"start":{"line":65,"column":3},"end":{"line":71,"column":5}},"36":{"start":{"line":66,"column":6},"end":{"line":66,"column":32}},"37":{"start":{"line":66,"column":16},"end":{"line":66,"column":32}},"38":{"start":{"line":67,"column":6},"end":{"line":67,"column":41}},"39":{"start":{"line":68,"column":6},"end":{"line":68,"column":54}},"40":{"start":{"line":68,"column":20},"end":{"line":68,"column":54}},"41":{"start":{"line":69,"column":6},"end":{"line":69,"column":57}},"42":{"start":{"line":69,"column":21},"end":{"line":69,"column":57}},"43":{"start":{"line":70,"column":6},"end":{"line":70,"column":18}},"44":{"start":{"line":73,"column":3},"end":{"line":102,"column":5}},"45":{"start":{"line":74,"column":6},"end":{"line":85,"column":7}},"46":{"start":{"line":76,"column":9},"end":{"line":78,"column":10}},"47":{"start":{"line":77,"column":12},"end":{"line":77,"column":26}},"48":{"start":{"line":80,"column":9},"end":{"line":84,"column":10}},"49":{"start":{"line":81,"column":12},"end":{"line":81,"column":48}},"50":{"start":{"line":83,"column":12},"end":{"line":83,"column":49}},"51":{"start":{"line":87,"column":6},"end":{"line":88,"column":17}},"52":{"start":{"line":90,"column":6},"end":{"line":93,"column":7}},"53":{"start":{"line":91,"column":9},"end":{"line":91,"column":43}},"54":{"start":{"line":92,"column":9},"end":{"line":92,"column":16}},"55":{"start":{"line":95,"column":6},"end":{"line":95,"column":48}},"56":{"start":{"line":97,"column":6},"end":{"line":101,"column":7}},"57":{"start":{"line":98,"column":9},"end":{"line":98,"column":39}},"58":{"start":{"line":100,"column":9},"end":{"line":100,"column":40}},"59":{"start":{"line":104,"column":3},"end":{"line":202,"column":5}},"60":{"start":{"line":105,"column":6},"end":{"line":105,"column":15}},"61":{"start":{"line":107,"column":6},"end":{"line":121,"column":7}},"62":{"start":{"line":108,"column":9},"end":{"line":110,"column":10}},"63":{"start":{"line":109,"column":12},"end":{"line":109,"column":24}},"64":{"start":{"line":112,"column":9},"end":{"line":114,"column":10}},"65":{"start":{"line":113,"column":12},"end":{"line":113,"column":24}},"66":{"start":{"line":116,"column":9},"end":{"line":120,"column":10}},"67":{"start":{"line":117,"column":12},"end":{"line":117,"column":47}},"68":{"start":{"line":119,"column":12},"end":{"line":119,"column":48}},"69":{"start":{"line":123,"column":6},"end":{"line":193,"column":7}},"70":{"start":{"line":124,"column":9},"end":{"line":126,"column":23}},"71":{"start":{"line":128,"column":9},"end":{"line":160,"column":10}},"72":{"start":{"line":129,"column":12},"end":{"line":133,"column":19}},"73":{"start":{"line":135,"column":12},"end":{"line":137,"column":13}},"74":{"start":{"line":136,"column":15},"end":{"line":136,"column":27}},"75":{"start":{"line":139,"column":12},"end":{"line":139,"column":40}},"76":{"start":{"line":141,"column":12},"end":{"line":146,"column":13}},"77":{"start":{"line":142,"column":15},"end":{"line":144,"column":16}},"78":{"start":{"line":143,"column":18},"end":{"line":143,"column":49}},"79":{"start":{"line":145,"column":15},"end":{"line":145,"column":27}},"80":{"start":{"line":148,"column":12},"end":{"line":148,"column":38}},"81":{"start":{"line":149,"column":12},"end":{"line":149,"column":43}},"82":{"start":{"line":150,"column":12},"end":{"line":150,"column":45}},"83":{"start":{"line":151,"column":12},"end":{"line":151,"column":23}},"84":{"start":{"line":153,"column":12},"end":{"line":155,"column":13}},"85":{"start":{"line":154,"column":15},"end":{"line":154,"column":26}},"86":{"start":{"line":156,"column":12},"end":{"line":158,"column":13}},"87":{"start":{"line":157,"column":15},"end":{"line":157,"column":27}},"88":{"start":{"line":159,"column":12},"end":{"line":159,"column":23}},"89":{"start":{"line":162,"column":9},"end":{"line":174,"column":10}},"90":{"start":{"line":163,"column":12},"end":{"line":166,"column":13}},"91":{"start":{"line":164,"column":15},"end":{"line":164,"column":32}},"92":{"start":{"line":165,"column":15},"end":{"line":165,"column":22}},"93":{"start":{"line":168,"column":12},"end":{"line":172,"column":13}},"94":{"start":{"line":169,"column":15},"end":{"line":169,"column":39}},"95":{"start":{"line":171,"column":15},"end":{"line":171,"column":40}},"96":{"start":{"line":173,"column":12},"end":{"line":173,"column":19}},"97":{"start":{"line":179,"column":9},"end":{"line":191,"column":10}},"98":{"start":{"line":180,"column":12},"end":{"line":180,"column":59}},"99":{"start":{"line":181,"column":12},"end":{"line":181,"column":35}},"100":{"start":{"line":182,"column":12},"end":{"line":182,"column":33}},"101":{"start":{"line":183,"column":12},"end":{"line":183,"column":31}},"102":{"start":{"line":185,"column":12},"end":{"line":185,"column":58}},"103":{"start":{"line":186,"column":12},"end":{"line":186,"column":35}},"104":{"start":{"line":187,"column":12},"end":{"line":187,"column":33}},"105":{"start":{"line":188,"column":12},"end":{"line":188,"column":35}},"106":{"start":{"line":189,"column":12},"end":{"line":189,"column":29}},"107":{"start":{"line":190,"column":12},"end":{"line":190,"column":31}},"108":{"start":{"line":195,"column":6},"end":{"line":195,"column":35}},"109":{"start":{"line":197,"column":6},"end":{"line":199,"column":7}},"110":{"start":{"line":198,"column":9},"end":{"line":198,"column":16}},"111":{"start":{"line":201,"column":6},"end":{"line":201,"column":23}},"112":{"start":{"line":204,"column":3},"end":{"line":285,"column":5}},"113":{"start":{"line":205,"column":6},"end":{"line":207,"column":19}},"114":{"start":{"line":209,"column":6},"end":{"line":213,"column":8}},"115":{"start":{"line":211,"column":12},"end":{"line":211,"column":25}},"116":{"start":{"line":215,"column":6},"end":{"line":266,"column":7}},"117":{"start":{"line":216,"column":9},"end":{"line":220,"column":14}},"118":{"start":{"line":222,"column":9},"end":{"line":227,"column":10}},"119":{"start":{"line":223,"column":12},"end":{"line":223,"column":45}},"120":{"start":{"line":224,"column":12},"end":{"line":226,"column":13}},"121":{"start":{"line":225,"column":15},"end":{"line":225,"column":31}},"122":{"start":{"line":229,"column":9},"end":{"line":229,"column":50}},"123":{"start":{"line":231,"column":9},"end":{"line":236,"column":10}},"124":{"start":{"line":232,"column":12},"end":{"line":234,"column":13}},"125":{"start":{"line":233,"column":15},"end":{"line":233,"column":43}},"126":{"start":{"line":235,"column":12},"end":{"line":235,"column":19}},"127":{"start":{"line":238,"column":9},"end":{"line":248,"column":10}},"128":{"start":{"line":239,"column":12},"end":{"line":239,"column":34}},"129":{"start":{"line":240,"column":16},"end":{"line":248,"column":10}},"130":{"start":{"line":241,"column":12},"end":{"line":241,"column":35}},"131":{"start":{"line":243,"column":12},"end":{"line":247,"column":13}},"132":{"start":{"line":244,"column":15},"end":{"line":244,"column":37}},"133":{"start":{"line":246,"column":15},"end":{"line":246,"column":38}},"134":{"start":{"line":250,"column":9},"end":{"line":250,"column":34}},"135":{"start":{"line":252,"column":9},"end":{"line":254,"column":10}},"136":{"start":{"line":253,"column":12},"end":{"line":253,"column":40}},"137":{"start":{"line":256,"column":9},"end":{"line":265,"column":10}},"138":{"start":{"line":257,"column":12},"end":{"line":261,"column":13}},"139":{"start":{"line":258,"column":15},"end":{"line":258,"column":39}},"140":{"start":{"line":260,"column":15},"end":{"line":260,"column":38}},"141":{"start":{"line":262,"column":12},"end":{"line":264,"column":13}},"142":{"start":{"line":263,"column":15},"end":{"line":263,"column":41}},"143":{"start":{"line":268,"column":6},"end":{"line":272,"column":7}},"144":{"start":{"line":269,"column":9},"end":{"line":271,"column":10}},"145":{"start":{"line":270,"column":12},"end":{"line":270,"column":48}},"146":{"start":{"line":274,"column":6},"end":{"line":275,"column":34}},"147":{"start":{"line":275,"column":9},"end":{"line":275,"column":34}},"148":{"start":{"line":277,"column":6},"end":{"line":277,"column":18}},"149":{"start":{"line":279,"column":6},"end":{"line":283,"column":7}},"150":{"start":{"line":280,"column":9},"end":{"line":282,"column":10}},"151":{"start":{"line":281,"column":12},"end":{"line":281,"column":80}},"152":{"start":{"line":284,"column":6},"end":{"line":284,"column":20}},"153":{"start":{"line":287,"column":3},"end":{"line":303,"column":5}},"154":{"start":{"line":288,"column":6},"end":{"line":293,"column":7}},"155":{"start":{"line":289,"column":9},"end":{"line":291,"column":10}},"156":{"start":{"line":290,"column":12},"end":{"line":290,"column":21}},"157":{"start":{"line":292,"column":9},"end":{"line":292,"column":68}},"158":{"start":{"line":295,"column":6},"end":{"line":300,"column":7}},"159":{"start":{"line":296,"column":9},"end":{"line":298,"column":10}},"160":{"start":{"line":297,"column":12},"end":{"line":297,"column":21}},"161":{"start":{"line":299,"column":9},"end":{"line":299,"column":57}},"162":{"start":{"line":302,"column":6},"end":{"line":302,"column":76}},"163":{"start":{"line":309,"column":0},"end":{"line":312,"column":1}},"164":{"start":{"line":310,"column":3},"end":{"line":310,"column":21}},"165":{"start":{"line":311,"column":3},"end":{"line":311,"column":38}},"166":{"start":{"line":314,"column":0},"end":{"line":431,"column":2}},"167":{"start":{"line":317,"column":6},"end":{"line":317,"column":33}},"168":{"start":{"line":319,"column":6},"end":{"line":319,"column":45}},"169":{"start":{"line":324,"column":6},"end":{"line":324,"column":35}},"170":{"start":{"line":326,"column":6},"end":{"line":326,"column":35}},"171":{"start":{"line":329,"column":6},"end":{"line":332,"column":7}},"172":{"start":{"line":330,"column":9},"end":{"line":330,"column":31}},"173":{"start":{"line":331,"column":9},"end":{"line":331,"column":26}},"174":{"start":{"line":333,"column":6},"end":{"line":333,"column":20}},"175":{"start":{"line":337,"column":6},"end":{"line":337,"column":29}},"176":{"start":{"line":341,"column":6},"end":{"line":341,"column":36}},"177":{"start":{"line":344,"column":6},"end":{"line":358,"column":7}},"178":{"start":{"line":345,"column":9},"end":{"line":357,"column":10}},"179":{"start":{"line":348,"column":12},"end":{"line":348,"column":41}},"180":{"start":{"line":349,"column":12},"end":{"line":355,"column":13}},"181":{"start":{"line":350,"column":15},"end":{"line":350,"column":37}},"182":{"start":{"line":351,"column":15},"end":{"line":354,"column":35}},"183":{"start":{"line":352,"column":18},"end":{"line":352,"column":35}},"184":{"start":{"line":354,"column":18},"end":{"line":354,"column":35}},"185":{"start":{"line":356,"column":12},"end":{"line":356,"column":19}},"186":{"start":{"line":359,"column":6},"end":{"line":359,"column":41}},"187":{"start":{"line":363,"column":6},"end":{"line":363,"column":33}},"188":{"start":{"line":368,"column":6},"end":{"line":368,"column":36}},"189":{"start":{"line":370,"column":6},"end":{"line":385,"column":7}},"190":{"start":{"line":372,"column":9},"end":{"line":373,"column":43}},"191":{"start":{"line":375,"column":9},"end":{"line":384,"column":10}},"192":{"start":{"line":376,"column":12},"end":{"line":376,"column":44}},"193":{"start":{"line":377,"column":12},"end":{"line":377,"column":37}},"194":{"start":{"line":379,"column":12},"end":{"line":379,"column":24}},"195":{"start":{"line":383,"column":12},"end":{"line":383,"column":18}},"196":{"start":{"line":390,"column":6},"end":{"line":392,"column":49}},"197":{"start":{"line":394,"column":6},"end":{"line":429,"column":7}},"198":{"start":{"line":396,"column":9},"end":{"line":397,"column":34}},"199":{"start":{"line":400,"column":9},"end":{"line":400,"column":25}},"200":{"start":{"line":402,"column":9},"end":{"line":409,"column":10}},"201":{"start":{"line":404,"column":12},"end":{"line":405,"column":56}},"202":{"start":{"line":407,"column":12},"end":{"line":408,"column":30}},"203":{"start":{"line":408,"column":15},"end":{"line":408,"column":30}},"204":{"start":{"line":411,"column":9},"end":{"line":417,"column":10}},"205":{"start":{"line":412,"column":12},"end":{"line":413,"column":56}},"206":{"start":{"line":414,"column":12},"end":{"line":416,"column":13}},"207":{"start":{"line":415,"column":15},"end":{"line":415,"column":30}},"208":{"start":{"line":420,"column":9},"end":{"line":428,"column":10}},"209":{"start":{"line":421,"column":12},"end":{"line":421,"column":49}},"210":{"start":{"line":422,"column":12},"end":{"line":422,"column":41}},"211":{"start":{"line":423,"column":12},"end":{"line":423,"column":21}},"212":{"start":{"line":427,"column":12},"end":{"line":427,"column":18}},"213":{"start":{"line":433,"column":0},"end":{"line":433,"column":24}}},"branchMap":{"1":{"line":20,"type":"if","locations":[{"start":{"line":20,"column":6},"end":{"line":20,"column":6}},{"start":{"line":20,"column":6},"end":{"line":20,"column":6}}]},"2":{"line":23,"type":"if","locations":[{"start":{"line":23,"column":6},"end":{"line":23,"column":6}},{"start":{"line":23,"column":6},"end":{"line":23,"column":6}}]},"3":{"line":45,"type":"if","locations":[{"start":{"line":45,"column":9},"end":{"line":45,"column":9}},{"start":{"line":45,"column":9},"end":{"line":45,"column":9}}]},"4":{"line":50,"type":"if","locations":[{"start":{"line":50,"column":9},"end":{"line":50,"column":9}},{"start":{"line":50,"column":9},"end":{"line":50,"column":9}}]},"5":{"line":60,"type":"if","locations":[{"start":{"line":60,"column":3},"end":{"line":60,"column":3}},{"start":{"line":60,"column":3},"end":{"line":60,"column":3}}]},"6":{"line":66,"type":"if","locations":[{"start":{"line":66,"column":6},"end":{"line":66,"column":6}},{"start":{"line":66,"column":6},"end":{"line":66,"column":6}}]},"7":{"line":68,"type":"if","locations":[{"start":{"line":68,"column":6},"end":{"line":68,"column":6}},{"start":{"line":68,"column":6},"end":{"line":68,"column":6}}]},"8":{"line":69,"type":"if","locations":[{"start":{"line":69,"column":6},"end":{"line":69,"column":6}},{"start":{"line":69,"column":6},"end":{"line":69,"column":6}}]},"9":{"line":76,"type":"if","locations":[{"start":{"line":76,"column":9},"end":{"line":76,"column":9}},{"start":{"line":76,"column":9},"end":{"line":76,"column":9}}]},"10":{"line":80,"type":"if","locations":[{"start":{"line":80,"column":9},"end":{"line":80,"column":9}},{"start":{"line":80,"column":9},"end":{"line":80,"column":9}}]},"11":{"line":90,"type":"if","locations":[{"start":{"line":90,"column":6},"end":{"line":90,"column":6}},{"start":{"line":90,"column":6},"end":{"line":90,"column":6}}]},"12":{"line":97,"type":"if","locations":[{"start":{"line":97,"column":6},"end":{"line":97,"column":6}},{"start":{"line":97,"column":6},"end":{"line":97,"column":6}}]},"13":{"line":108,"type":"if","locations":[{"start":{"line":108,"column":9},"end":{"line":108,"column":9}},{"start":{"line":108,"column":9},"end":{"line":108,"column":9}}]},"14":{"line":112,"type":"if","locations":[{"start":{"line":112,"column":9},"end":{"line":112,"column":9}},{"start":{"line":112,"column":9},"end":{"line":112,"column":9}}]},"15":{"line":116,"type":"if","locations":[{"start":{"line":116,"column":9},"end":{"line":116,"column":9}},{"start":{"line":116,"column":9},"end":{"line":116,"column":9}}]},"16":{"line":135,"type":"if","locations":[{"start":{"line":135,"column":12},"end":{"line":135,"column":12}},{"start":{"line":135,"column":12},"end":{"line":135,"column":12}}]},"17":{"line":141,"type":"if","locations":[{"start":{"line":141,"column":12},"end":{"line":141,"column":12}},{"start":{"line":141,"column":12},"end":{"line":141,"column":12}}]},"18":{"line":142,"type":"if","locations":[{"start":{"line":142,"column":15},"end":{"line":142,"column":15}},{"start":{"line":142,"column":15},"end":{"line":142,"column":15}}]},"19":{"line":153,"type":"if","locations":[{"start":{"line":153,"column":12},"end":{"line":153,"column":12}},{"start":{"line":153,"column":12},"end":{"line":153,"column":12}}]},"20":{"line":153,"type":"binary-expr","locations":[{"start":{"line":153,"column":16},"end":{"line":153,"column":29}},{"start":{"line":153,"column":33},"end":{"line":153,"column":58}}]},"21":{"line":156,"type":"if","locations":[{"start":{"line":156,"column":12},"end":{"line":156,"column":12}},{"start":{"line":156,"column":12},"end":{"line":156,"column":12}}]},"22":{"line":156,"type":"binary-expr","locations":[{"start":{"line":156,"column":16},"end":{"line":156,"column":30}},{"start":{"line":156,"column":34},"end":{"line":156,"column":75}}]},"23":{"line":162,"type":"if","locations":[{"start":{"line":162,"column":9},"end":{"line":162,"column":9}},{"start":{"line":162,"column":9},"end":{"line":162,"column":9}}]},"24":{"line":162,"type":"binary-expr","locations":[{"start":{"line":162,"column":13},"end":{"line":162,"column":31}},{"start":{"line":162,"column":35},"end":{"line":162,"column":54}}]},"25":{"line":163,"type":"if","locations":[{"start":{"line":163,"column":12},"end":{"line":163,"column":12}},{"start":{"line":163,"column":12},"end":{"line":163,"column":12}}]},"26":{"line":168,"type":"if","locations":[{"start":{"line":168,"column":12},"end":{"line":168,"column":12}},{"start":{"line":168,"column":12},"end":{"line":168,"column":12}}]},"27":{"line":179,"type":"if","locations":[{"start":{"line":179,"column":9},"end":{"line":179,"column":9}},{"start":{"line":179,"column":9},"end":{"line":179,"column":9}}]},"28":{"line":197,"type":"if","locations":[{"start":{"line":197,"column":6},"end":{"line":197,"column":6}},{"start":{"line":197,"column":6},"end":{"line":197,"column":6}}]},"29":{"line":224,"type":"if","locations":[{"start":{"line":224,"column":12},"end":{"line":224,"column":12}},{"start":{"line":224,"column":12},"end":{"line":224,"column":12}}]},"30":{"line":231,"type":"if","locations":[{"start":{"line":231,"column":9},"end":{"line":231,"column":9}},{"start":{"line":231,"column":9},"end":{"line":231,"column":9}}]},"31":{"line":231,"type":"binary-expr","locations":[{"start":{"line":231,"column":13},"end":{"line":231,"column":32}},{"start":{"line":231,"column":36},"end":{"line":231,"column":54}}]},"32":{"line":232,"type":"if","locations":[{"start":{"line":232,"column":12},"end":{"line":232,"column":12}},{"start":{"line":232,"column":12},"end":{"line":232,"column":12}}]},"33":{"line":232,"type":"binary-expr","locations":[{"start":{"line":232,"column":16},"end":{"line":232,"column":43}},{"start":{"line":232,"column":47},"end":{"line":232,"column":80}}]},"34":{"line":238,"type":"if","locations":[{"start":{"line":238,"column":9},"end":{"line":238,"column":9}},{"start":{"line":238,"column":9},"end":{"line":238,"column":9}}]},"35":{"line":240,"type":"if","locations":[{"start":{"line":240,"column":16},"end":{"line":240,"column":16}},{"start":{"line":240,"column":16},"end":{"line":240,"column":16}}]},"36":{"line":243,"type":"if","locations":[{"start":{"line":243,"column":12},"end":{"line":243,"column":12}},{"start":{"line":243,"column":12},"end":{"line":243,"column":12}}]},"37":{"line":252,"type":"if","locations":[{"start":{"line":252,"column":9},"end":{"line":252,"column":9}},{"start":{"line":252,"column":9},"end":{"line":252,"column":9}}]},"38":{"line":252,"type":"binary-expr","locations":[{"start":{"line":252,"column":13},"end":{"line":252,"column":40}},{"start":{"line":252,"column":44},"end":{"line":252,"column":77}}]},"39":{"line":256,"type":"if","locations":[{"start":{"line":256,"column":9},"end":{"line":256,"column":9}},{"start":{"line":256,"column":9},"end":{"line":256,"column":9}}]},"40":{"line":256,"type":"binary-expr","locations":[{"start":{"line":256,"column":13},"end":{"line":256,"column":40}},{"start":{"line":256,"column":44},"end":{"line":256,"column":90}}]},"41":{"line":257,"type":"if","locations":[{"start":{"line":257,"column":12},"end":{"line":257,"column":12}},{"start":{"line":257,"column":12},"end":{"line":257,"column":12}}]},"42":{"line":262,"type":"if","locations":[{"start":{"line":262,"column":12},"end":{"line":262,"column":12}},{"start":{"line":262,"column":12},"end":{"line":262,"column":12}}]},"43":{"line":268,"type":"if","locations":[{"start":{"line":268,"column":6},"end":{"line":268,"column":6}},{"start":{"line":268,"column":6},"end":{"line":268,"column":6}}]},"44":{"line":274,"type":"if","locations":[{"start":{"line":274,"column":6},"end":{"line":274,"column":6}},{"start":{"line":274,"column":6},"end":{"line":274,"column":6}}]},"45":{"line":280,"type":"if","locations":[{"start":{"line":280,"column":9},"end":{"line":280,"column":9}},{"start":{"line":280,"column":9},"end":{"line":280,"column":9}}]},"46":{"line":289,"type":"if","locations":[{"start":{"line":289,"column":9},"end":{"line":289,"column":9}},{"start":{"line":289,"column":9},"end":{"line":289,"column":9}}]},"47":{"line":296,"type":"if","locations":[{"start":{"line":296,"column":9},"end":{"line":296,"column":9}},{"start":{"line":296,"column":9},"end":{"line":296,"column":9}}]},"48":{"line":329,"type":"if","locations":[{"start":{"line":329,"column":6},"end":{"line":329,"column":6}},{"start":{"line":329,"column":6},"end":{"line":329,"column":6}}]},"49":{"line":345,"type":"if","locations":[{"start":{"line":345,"column":9},"end":{"line":345,"column":9}},{"start":{"line":345,"column":9},"end":{"line":345,"column":9}}]},"50":{"line":349,"type":"if","locations":[{"start":{"line":349,"column":12},"end":{"line":349,"column":12}},{"start":{"line":349,"column":12},"end":{"line":349,"column":12}}]},"51":{"line":351,"type":"if","locations":[{"start":{"line":351,"column":15},"end":{"line":351,"column":15}},{"start":{"line":351,"column":15},"end":{"line":351,"column":15}}]},"52":{"line":375,"type":"if","locations":[{"start":{"line":375,"column":9},"end":{"line":375,"column":9}},{"start":{"line":375,"column":9},"end":{"line":375,"column":9}}]},"53":{"line":402,"type":"if","locations":[{"start":{"line":402,"column":9},"end":{"line":402,"column":9}},{"start":{"line":402,"column":9},"end":{"line":402,"column":9}}]},"54":{"line":407,"type":"if","locations":[{"start":{"line":407,"column":12},"end":{"line":407,"column":12}},{"start":{"line":407,"column":12},"end":{"line":407,"column":12}}]},"55":{"line":411,"type":"if","locations":[{"start":{"line":411,"column":9},"end":{"line":411,"column":9}},{"start":{"line":411,"column":9},"end":{"line":411,"column":9}}]},"56":{"line":414,"type":"if","locations":[{"start":{"line":414,"column":12},"end":{"line":414,"column":12}},{"start":{"line":414,"column":12},"end":{"line":414,"column":12}}]},"57":{"line":414,"type":"cond-expr","locations":[{"start":{"line":414,"column":46},"end":{"line":414,"column":55}},{"start":{"line":414,"column":58},"end":{"line":414,"column":69}}]},"58":{"line":420,"type":"if","locations":[{"start":{"line":420,"column":9},"end":{"line":420,"column":9}},{"start":{"line":420,"column":9},"end":{"line":420,"column":9}}]}}}}