TN:
SF:/home/csbrandt/projects/k-d-tree/index.js
FN:5,Node
FN:12,kdTree
FN:16,buildTree
FN:27,(anonymous_4)
FN:40,loadTree
FN:44,restoreParent
FN:65,(anonymous_7)
FN:73,(anonymous_8)
FN:74,innerSearch
FN:104,(anonymous_10)
FN:107,nodeSearch
FN:123,removeNode
FN:128,findMin
FN:204,(anonymous_14)
FN:210,(anonymous_15)
FN:215,nearestSearch
FN:222,saveNode
FN:287,(anonymous_18)
FN:288,height
FN:295,count
FN:309,BinaryHeap
FN:315,(anonymous_22)
FN:322,(anonymous_23)
FN:336,(anonymous_24)
FN:340,(anonymous_25)
FN:362,(anonymous_26)
FN:366,(anonymous_27)
FN:388,(anonymous_28)
FNF:28
FNH:24
FNDA:127,Node
FNDA:8,kdTree
FNDA:120,buildTree
FNDA:584,(anonymous_4)
FNDA:0,loadTree
FNDA:0,restoreParent
FNDA:14,(anonymous_7)
FNDA:1,(anonymous_8)
FNDA:5,innerSearch
FNDA:1,(anonymous_10)
FNDA:4,nodeSearch
FNDA:1,removeNode
FNDA:0,findMin
FNDA:6,(anonymous_14)
FNDA:110,(anonymous_15)
FNDA:27,nearestSearch
FNDA:10,saveNode
FNDA:1,(anonymous_18)
FNDA:29,height
FNDA:29,count
FNDA:6,BinaryHeap
FNDA:40,(anonymous_22)
FNDA:6,(anonymous_23)
FNDA:42,(anonymous_24)
FNDA:0,(anonymous_25)
FNDA:56,(anonymous_26)
FNDA:40,(anonymous_27)
FNDA:6,(anonymous_28)
DA:5,1
DA:6,127
DA:7,127
DA:8,127
DA:9,127
DA:12,1
DA:14,8
DA:16,1
DA:17,120
DA:18,120
DA:20,120
DA:21,8
DA:23,112
DA:24,56
DA:27,56
DA:28,584
DA:31,56
DA:32,56
DA:33,56
DA:34,56
DA:36,56
DA:40,1
DA:42,0
DA:44,1
DA:45,0
DA:46,0
DA:47,0
DA:50,0
DA:51,0
DA:52,0
DA:56,0
DA:60,8
DA:61,8
DA:65,8
DA:66,14
DA:67,14
DA:68,14
DA:69,14
DA:70,14
DA:73,8
DA:74,1
DA:76,5
DA:77,1
DA:80,4
DA:81,4
DA:83,0
DA:87,1
DA:90,1
DA:91,0
DA:92,0
DA:95,1
DA:97,1
DA:98,1
DA:100,0
DA:104,8
DA:105,1
DA:107,1
DA:108,4
DA:109,0
DA:112,4
DA:113,1
DA:116,3
DA:117,3
DA:119,0
DA:123,1
DA:124,1
DA:128,1
DA:129,0
DA:135,0
DA:136,0
DA:139,0
DA:141,0
DA:142,0
DA:143,0
DA:145,0
DA:148,0
DA:149,0
DA:150,0
DA:151,0
DA:153,0
DA:154,0
DA:156,0
DA:157,0
DA:159,0
DA:162,1
DA:163,1
DA:164,0
DA:165,0
DA:168,1
DA:169,1
DA:171,0
DA:173,1
DA:179,0
DA:180,0
DA:181,0
DA:182,0
DA:183,0
DA:185,0
DA:186,0
DA:187,0
DA:188,0
DA:189,0
DA:190,0
DA:195,1
DA:197,1
DA:198,0
DA:201,1
DA:204,8
DA:205,6
DA:209,6
DA:211,110
DA:215,1
DA:216,27
DA:222,1
DA:223,10
DA:224,10
DA:225,6
DA:229,27
DA:231,27
DA:232,8
DA:233,5
DA:235,8
DA:238,19
DA:239,1
DA:240,18
DA:241,1
DA:243,17
DA:244,17
DA:246,0
DA:250,19
DA:252,19
DA:253,5
DA:256,19
DA:257,4
DA:258,3
DA:260,1
DA:262,4
DA:263,2
DA:268,6
DA:269,3
DA:270,30
DA:274,6
DA:275,6
DA:277,6
DA:279,6
DA:280,34
DA:281,10
DA:284,6
DA:287,8
DA:288,1
DA:289,29
DA:290,15
DA:292,14
DA:295,1
DA:296,29
DA:297,15
DA:299,14
DA:302,1
DA:309,1
DA:310,6
DA:311,6
DA:314,1
DA:317,40
DA:319,40
DA:324,6
DA:326,6
DA:329,6
DA:330,6
DA:331,6
DA:333,6
DA:337,42
DA:341,0
DA:344,0
DA:345,0
DA:348,0
DA:349,0
DA:350,0
DA:351,0
DA:352,0
DA:354,0
DA:356,0
DA:359,0
DA:363,56
DA:368,40
DA:370,40
DA:372,34
DA:375,34
DA:376,1
DA:377,1
DA:379,1
DA:383,33
DA:390,6
DA:394,6
DA:396,23
DA:400,23
DA:402,23
DA:404,18
DA:407,18
DA:408,15
DA:411,23
DA:412,18
DA:414,18
DA:415,2
DA:420,23
DA:421,17
DA:422,17
DA:423,17
DA:427,6
DA:433,1
LF:209
LH:151
BRDA:20,1,0,8
BRDA:20,1,1,112
BRDA:23,2,0,56
BRDA:23,2,1,56
BRDA:45,3,0,0
BRDA:45,3,1,0
BRDA:50,4,0,0
BRDA:50,4,1,0
BRDA:60,5,0,0
BRDA:60,5,1,8
BRDA:66,6,0,1
BRDA:66,6,1,13
BRDA:68,7,0,7
BRDA:68,7,1,7
BRDA:69,8,0,6
BRDA:69,8,1,8
BRDA:76,9,0,1
BRDA:76,9,1,4
BRDA:80,10,0,4
BRDA:80,10,1,0
BRDA:90,11,0,0
BRDA:90,11,1,1
BRDA:97,12,0,1
BRDA:97,12,1,0
BRDA:108,13,0,0
BRDA:108,13,1,4
BRDA:112,14,0,1
BRDA:112,14,1,3
BRDA:116,15,0,3
BRDA:116,15,1,0
BRDA:135,16,0,0
BRDA:135,16,1,0
BRDA:141,17,0,0
BRDA:141,17,1,0
BRDA:142,18,0,0
BRDA:142,18,1,0
BRDA:153,19,0,0
BRDA:153,19,1,0
BRDA:153,20,0,0
BRDA:153,20,1,0
BRDA:156,21,0,0
BRDA:156,21,1,0
BRDA:156,22,0,0
BRDA:156,22,1,0
BRDA:162,23,0,1
BRDA:162,23,1,0
BRDA:162,24,0,1
BRDA:162,24,1,1
BRDA:163,25,0,0
BRDA:163,25,1,1
BRDA:168,26,0,1
BRDA:168,26,1,0
BRDA:179,27,0,0
BRDA:179,27,1,0
BRDA:197,28,0,0
BRDA:197,28,1,1
BRDA:224,29,0,6
BRDA:224,29,1,4
BRDA:231,30,0,8
BRDA:231,30,1,19
BRDA:231,31,0,27
BRDA:231,31,1,9
BRDA:232,32,0,5
BRDA:232,32,1,3
BRDA:232,33,0,8
BRDA:232,33,1,5
BRDA:238,34,0,1
BRDA:238,34,1,18
BRDA:240,35,0,1
BRDA:240,35,1,17
BRDA:243,36,0,17
BRDA:243,36,1,0
BRDA:252,37,0,5
BRDA:252,37,1,14
BRDA:252,38,0,19
BRDA:252,38,1,18
BRDA:256,39,0,4
BRDA:256,39,1,15
BRDA:256,40,0,19
BRDA:256,40,1,19
BRDA:257,41,0,3
BRDA:257,41,1,1
BRDA:262,42,0,2
BRDA:262,42,1,2
BRDA:268,43,0,3
BRDA:268,43,1,3
BRDA:274,44,0,6
BRDA:274,44,1,0
BRDA:280,45,0,10
BRDA:280,45,1,24
BRDA:289,46,0,15
BRDA:289,46,1,14
BRDA:296,47,0,15
BRDA:296,47,1,14
BRDA:329,48,0,6
BRDA:329,48,1,0
BRDA:345,49,0,0
BRDA:345,49,1,0
BRDA:349,50,0,0
BRDA:349,50,1,0
BRDA:351,51,0,0
BRDA:351,51,1,0
BRDA:375,52,0,1
BRDA:375,52,1,33
BRDA:402,53,0,18
BRDA:402,53,1,5
BRDA:407,54,0,15
BRDA:407,54,1,3
BRDA:411,55,0,18
BRDA:411,55,1,5
BRDA:414,56,0,2
BRDA:414,56,1,16
BRDA:414,57,0,3
BRDA:414,57,1,15
BRDA:420,58,0,17
BRDA:420,58,1,6
BRF:116
BRH:77
end_of_record
